<?xml version="1.0" encoding="UTF-8"?>
<testsuite xmlns:xsi="http://www.w3.org/2001/XMLSchema-instance" xsi:noNamespaceSchemaLocation="https://maven.apache.org/surefire/maven-surefire-plugin/xsd/surefire-test-report-3.0.xsd" version="3.0" name="model.GradeRecordTest" time="0.013" tests="6" errors="0" skipped="0" failures="0">
  <properties>
[...]
</properties>
  <testcase name="testEmptyStudentId" classname="model.GradeRecordTest" time="0.001"/>
  <testcase name="testToString" classname="model.GradeRecordTest" time="0.001"/>
  <testcase name="testConstructorAndGetters" classname="model.GradeRecordTest" time="0.001"/>
  <testcase name="testCalculateFinalGrade" classname="model.GradeRecordTest" time="0.0"/>
  <testcase name="testInvalidGradeRange" classname="model.GradeRecordTest" time="0.005"/>
  <testcase name="testNullStudentId" classname="model.GradeRecordTest" time="0.002"/>
</testsuite>